<?xml version="1.0" encoding="UTF-8"?>
<testng-results ignored="0" total="1" passed="1" failed="0" skipped="0">
  <reporter-output>
  </reporter-output>
  <suite started-at="2024-01-03T12:55:55 IST" name="Default suite" finished-at="2024-01-03T12:56:18 IST" duration-ms="22704">
    <groups>
    </groups>
    <test started-at="2024-01-03T12:55:55 IST" name="Default test" finished-at="2024-01-03T12:56:18 IST" duration-ms="22704">
      <class name="Test_Script.Test_ValidationPersonalizationFunction">
        <test-method is-config="true" signature="beforetestmethod()[pri:0, instance:Test_Script.Test_ValidationPersonalizationFunction@42a48628]" started-at="2024-01-03T12:55:55 IST" name="beforetestmethod" finished-at="2024-01-03T12:55:56 IST" duration-ms="507" status="PASS">
          <reporter-output>
          </reporter-output>
        </test-method> <!-- beforetestmethod -->
        <test-method signature="customize_field_validation()[pri:0, instance:Test_Script.Test_ValidationPersonalizationFunction@42a48628]" started-at="2024-01-03T12:55:56 IST" name="customize_field_validation" finished-at="2024-01-03T12:56:18 IST" duration-ms="22109" status="PASS">
          <reporter-output>
          </reporter-output>
        </test-method> <!-- customize_field_validation -->
        <test-method is-config="true" signature="tearDown()[pri:0, instance:Test_Script.Test_ValidationPersonalizationFunction@42a48628]" started-at="2024-01-03T12:56:18 IST" name="tearDown" finished-at="2024-01-03T12:56:18 IST" duration-ms="1" status="PASS">
          <reporter-output>
          </reporter-output>
        </test-method> <!-- tearDown -->
        <test-method is-config="true" signature="aftermethod(org.testng.ITestResult)[pri:0, instance:Test_Script.Test_ValidationPersonalizationFunction@42a48628]" started-at="2024-01-03T12:56:18 IST" name="aftermethod" finished-at="2024-01-03T12:56:18 IST" duration-ms="17" status="PASS">
          <params>
            <param index="0">
              <value>
                <![CDATA[[TestResult name=customize_field_validation status=SUCCESS method=Test_ValidationPersonalizationFunction.customize_field_validation()[pri:0, instance:Test_Script.Test_ValidationPersonalizationFunction@42a48628] output={null}]]]>
              </value>
            </param>
          </params>
          <reporter-output>
          </reporter-output>
        </test-method> <!-- aftermethod -->
      </class> <!-- Test_Script.Test_ValidationPersonalizationFunction -->
    </test> <!-- Default test -->
  </suite> <!-- Default suite -->
</testng-results>
